[     313ms] [ERROR] Failed to load resource: the server responded with a status of 403 () @ https://kit.fontawesome.com/cc54d0f4f1.js:0
[     726ms] ReferenceError: SmoothScroll is not defined
    at https://www.payprotec.com/:142:3
[     757ms] [WARNING] jQuery.Deferred exception: Swiper is not defined ReferenceError: Swiper is not defined
    at HTMLDocument.<anonymous> (https://www.payprotec.com/:213:18)
    at e (https://d3e54v103j8qbb.cloudfront.net/js/jquery-3.5.1.min.dc5e7f18c8.js?site=617aeb477b067ad6d4afee78:2:30005)
    at t (https://d3e54v103j8qbb.cloudfront.net/js/jquery-3.5.1.min.dc5e7f18c8.js?site=617aeb477b067ad6d4afee78:2:30307) undefined @ https://d3e54v103j8qbb.cloudfront.net/js/jquery-3.5.1.min.dc5e7f18c8.js?site=617aeb477b067ad6d4afee78:1
[     762ms] ReferenceError: Swiper is not defined
    at HTMLDocument.<anonymous> (https://www.payprotec.com/:213:18)
    at e (https://d3e54v103j8qbb.cloudfront.net/js/jquery-3.5.1.min.dc5e7f18c8.js?site=617aeb477b067ad6d4afee78:2:30005)
    at t (https://d3e54v103j8qbb.cloudfront.net/js/jquery-3.5.1.min.dc5e7f18c8.js?site=617aeb477b067ad6d4afee78:2:30307)
[    1015ms] TypeError: Cannot read properties of undefined (reading 'on')
    at <anonymous>:2:14
    at https://www.googletagmanager.com/gtm.js?id=GTM-NB7LQL9:710:429
    at https://www.googletagmanager.com/gtm.js?id=GTM-NB7LQL9:711:132
    at sR (https://www.googletagmanager.com/gtm.js?id=GTM-NB7LQL9:712:31)
    at Nd.rR (https://www.googletagmanager.com/gtm.js?id=GTM-NB7LQL9:709:92)
    at Nd.<anonymous> (https://www.googletagmanager.com/gtm.js?id=GTM-NB7LQL9:223:187)
    at k.apply (https://www.googletagmanager.com/gtm.js?id=GTM-NB7LQL9:157:466)
    at hb (https://www.googletagmanager.com/gtm.js?id=GTM-NB7LQL9:121:719)
    at gb (https://www.googletagmanager.com/gtm.js?id=GTM-NB7LQL9:121:470)
    at Nd.<anonymous> (https://www.googletagmanager.com/gtm.js?id=GTM-NB7LQL9:181:473)
[    1353ms] [WARNING] @import rules are not allowed here. See https://github.com/WICG/construct-stylesheets/issues/119#issuecomment-588352418. @ https://widgets.leadconnectorhq.com/chat-widget/p-DtHhXbDc.js:8
