[  303751ms] [ERROR] Failed to load resource: the server responded with a status of 500 (Internal Server Error) @ http://127.0.0.1:3000/?_rsc=fsnpp:0
[  303975ms] [ERROR] Failed to load resource: the server responded with a status of 500 (Internal Server Error) @ http://127.0.0.1:3000/?_rsc=fsnpp:0
[  304233ms] [ERROR] Failed to load resource: the server responded with a status of 500 (Internal Server Error) @ http://127.0.0.1:3000/:0
[  304478ms] Error: Cannot find module './331.js'
Require stack:
- /Users/mujtaba/Library/CloudStorage/OneDrive-NortheasternUniversity/credit-card-website/.next/server/webpack-runtime.js
- /Users/mujtaba/Library/CloudStorage/OneDrive-NortheasternUniversity/credit-card-website/.next/server/pages/_document.js
- /Users/mujtaba/Library/CloudStorage/OneDrive-NortheasternUniversity/credit-card-website/node_modules/next/dist/server/require.js
- /Users/mujtaba/Library/CloudStorage/OneDrive-NortheasternUniversity/credit-card-website/node_modules/next/dist/server/load-components.js
- /Users/mujtaba/Library/CloudStorage/OneDrive-NortheasternUniversity/credit-card-website/node_modules/next/dist/build/utils.js
- /Users/mujtaba/Library/CloudStorage/OneDrive-NortheasternUniversity/credit-card-website/node_modules/next/dist/build/swc/options.js
- /Users/mujtaba/Library/CloudStorage/OneDrive-NortheasternUniversity/credit-card-website/node_modules/next/dist/build/swc/index.js
- /Users/mujtaba/Library/CloudStorage/OneDrive-NortheasternUniversity/credit-card-website/node_modules/next/dist/build/next-config-ts/transpile-config.js
- /Users/mujtaba/Library/CloudStorage/OneDrive-NortheasternUniversity/credit-card-website/node_modules/next/dist/server/config.js
- /Users/mujtaba/Library/CloudStorage/OneDrive-NortheasternUniversity/credit-card-website/node_modules/next/dist/server/next.js
- /Users/mujtaba/Library/CloudStorage/OneDrive-NortheasternUniversity/credit-card-website/node_modules/next/dist/server/lib/start-server.js
    at Function.<anonymous> (node:internal/modules/cjs/loader:1405:15)
    at <unknown> (file:///Users/mujtaba/Library/CloudStorage/OneDrive-NortheasternUniversity/credit-card-website/node_modules/next/dist/server/require-hook.js:57:36)
    at defaultResolveImpl (node:internal/modules/cjs/loader:1061:19)
    at resolveForCJSWithHooks (node:internal/modules/cjs/loader:1066:22)
    at Function._load (node:internal/modules/cjs/loader:1215:37)
    at TracingChannel.traceSync (node:diagnostics_channel:322:14)
    at wrapModuleLoad (node:internal/modules/cjs/loader:235:24)
    at Module.<anonymous> (node:internal/modules/cjs/loader:1491:12)
    at mod.require (file:///Users/mujtaba/Library/CloudStorage/OneDrive-NortheasternUniversity/credit-card-website/node_modules/next/dist/server/require-hook.js:68:28)
    at require (node:internal/modules/helpers:135:16)
    at __webpack_require__.f.require (file:///Users/mujtaba/Library/CloudStorage/OneDrive-NortheasternUniversity/credit-card-website/.next/server/webpack-runtime.js:190:28)
    at <unknown> (file:///Users/mujtaba/Library/CloudStorage/OneDrive-NortheasternUniversity/credit-card-website/.next/server/webpack-runtime.js:103:40)
    at Array.reduce (<anonymous>)
    at __webpack_require__.e (file:///Users/mujtaba/Library/CloudStorage/OneDrive-NortheasternUniversity/credit-card-website/.next/server/webpack-runtime.js:102:67)
    at Array.map (<anonymous>)
    at __webpack_require__.X (file:///Users/mujtaba/Library/CloudStorage/OneDrive-NortheasternUniversity/credit-card-website/.next/server/webpack-runtime.js:154:22)
    at <unknown> (file:///Users/mujtaba/Library/CloudStorage/OneDrive-NortheasternUniversity/credit-card-website/.next/server/app/page.js:2:15092)
    at Object.<anonymous> (file:///Users/mujtaba/Library/CloudStorage/OneDrive-NortheasternUniversity/credit-card-website/.next/server/app/page.js:2:15144)
    at Module._compile (node:internal/modules/cjs/loader:1734:14)
    at Object..js (node:internal/modules/cjs/loader:1899:10)
    at Module.load (node:internal/modules/cjs/loader:1469:32)
    at Function._load (node:internal/modules/cjs/loader:1286:12)
    at TracingChannel.traceSync (node:diagnostics_channel:322:14)
    at wrapModuleLoad (node:internal/modules/cjs/loader:235:24)
    at Module.<anonymous> (node:internal/modules/cjs/loader:1491:12)
    at mod.require (file:///Users/mujtaba/Library/CloudStorage/OneDrive-NortheasternUniversity/credit-card-website/node_modules/next/dist/server/require-hook.js:68:28)
    at require (node:internal/modules/helpers:135:16)
    at requirePage (file:///Users/mujtaba/Library/CloudStorage/OneDrive-NortheasternUniversity/credit-card-website/node_modules/next/dist/server/require.js:99:80)
    at loadComponentsImpl (file:///Users/mujtaba/Library/CloudStorage/OneDrive-NortheasternUniversity/credit-card-website/node_modules/next/dist/server/load-components.js:132:57)
    at async DevServer.findPageComponentsImpl (file:///Users/mujtaba/Library/CloudStorage/OneDrive-NortheasternUniversity/credit-card-website/node_modules/next/dist/server/next-server.js:899:36)
    at async DevServer.findPageComponents (file:///Users/mujtaba/Library/CloudStorage/OneDrive-NortheasternUniversity/credit-card-website/node_modules/next/dist/server/dev/next-dev-server.js:706:16)
    at async DevServer.renderPageComponent (file:///Users/mujtaba/Library/CloudStorage/OneDrive-NortheasternUniversity/credit-card-website/node_modules/next/dist/server/base-server.js:1460:24)
    at async DevServer.renderToResponseImpl (file:///Users/mujtaba/Library/CloudStorage/OneDrive-NortheasternUniversity/credit-card-website/node_modules/next/dist/server/base-server.js:1514:32)
    at async DevServer.pipeImpl (file:///Users/mujtaba/Library/CloudStorage/OneDrive-NortheasternUniversity/credit-card-website/node_modules/next/dist/server/base-server.js:1025:25)
    at async NextNodeServer.handleCatchallRenderRequest (file:///Users/mujtaba/Library/CloudStorage/OneDrive-NortheasternUniversity/credit-card-website/node_modules/next/dist/server/next-server.js:393:17)
    at async DevServer.handleRequestImpl (file:///Users/mujtaba/Library/CloudStorage/OneDrive-NortheasternUniversity/credit-card-website/node_modules/next/dist/server/base-server.js:916:17)
    at async (file:///Users/mujtaba/Library/CloudStorage/OneDrive-NortheasternUniversity/credit-card-website/node_modules/next/dist/server/dev/next-dev-server.js:400:20)
    at async Span.traceAsyncFn (file:///Users/mujtaba/Library/CloudStorage/OneDrive-NortheasternUniversity/credit-card-website/node_modules/next/dist/trace/trace.js:157:20)
    at async DevServer.handleRequest (file:///Users/mujtaba/Library/CloudStorage/OneDrive-NortheasternUniversity/credit-card-website/node_modules/next/dist/server/dev/next-dev-server.js:396:24)
    at async invokeRender (file:///Users/mujtaba/Library/CloudStorage/OneDrive-NortheasternUniversity/credit-card-website/node_modules/next/dist/server/lib/router-server.js:240:21)
    at async handleRequest (file:///Users/mujtaba/Library/CloudStorage/OneDrive-NortheasternUniversity/credit-card-website/node_modules/next/dist/server/lib/router-server.js:437:24)
    at async requestHandlerImpl (file:///Users/mujtaba/Library/CloudStorage/OneDrive-NortheasternUniversity/credit-card-website/node_modules/next/dist/server/lib/router-server.js:485:13)
    at async Server.requestListener (file:///Users/mujtaba/Library/CloudStorage/OneDrive-NortheasternUniversity/credit-card-website/node_modules/next/dist/server/lib/start-server.js:226:13)
[  304480ms] [ERROR] Failed to load resource: the server responded with a status of 404 (Not Found) @ http://127.0.0.1:3000/favicon.ico:0
